0 info it worked if it ends with ok
1 verbose cli [ '/usr/bin/node', '/usr/bin/npm', 'install', '-g', 'grunt' ]
2 info using npm@1.4.28
3 info using node@v0.10.33
4 verbose node symlink /usr/bin/node
5 verbose cache add [ 'grunt', null ]
6 verbose cache add name=undefined spec="grunt" args=["grunt",null]
7 verbose parsed url { protocol: null,
7 verbose parsed url   slashes: null,
7 verbose parsed url   auth: null,
7 verbose parsed url   host: null,
7 verbose parsed url   port: null,
7 verbose parsed url   hostname: null,
7 verbose parsed url   hash: null,
7 verbose parsed url   search: null,
7 verbose parsed url   query: null,
7 verbose parsed url   pathname: 'grunt',
7 verbose parsed url   path: 'grunt',
7 verbose parsed url   href: 'grunt' }
8 silly lockFile 20ff3fd8-grunt grunt
9 verbose lock grunt /home/ubuntu/.npm/20ff3fd8-grunt.lock
10 silly lockFile 20ff3fd8-grunt grunt
11 silly lockFile 20ff3fd8-grunt grunt
12 verbose addNamed [ 'grunt', '' ]
13 verbose addNamed [ null, '*' ]
14 silly lockFile 55f1ff24-grunt grunt@
15 verbose lock grunt@ /home/ubuntu/.npm/55f1ff24-grunt.lock
16 silly addNameRange { name: 'grunt', range: '*', hasData: false }
17 verbose request where is /grunt
18 verbose request registry https://registry.npmjs.org/
19 verbose request id 7c84a04d237ab04e
20 verbose url raw /grunt
21 verbose url resolving [ 'https://registry.npmjs.org/', './grunt' ]
22 verbose url resolved https://registry.npmjs.org/grunt
23 verbose request where is https://registry.npmjs.org/grunt
24 info trying registry request attempt 1 at 10:13:17
25 verbose etag "7MXJDKF0AOWNR4X5BDJWZ3FQ6"
26 http GET https://registry.npmjs.org/grunt
27 http 304 https://registry.npmjs.org/grunt
28 silly registry.get cb [ 304,
28 silly registry.get   { date: 'Sat, 14 Mar 2015 10:13:17 GMT',
28 silly registry.get     server: 'Apache',
28 silly registry.get     via: '1.1 varnish',
28 silly registry.get     'last-modified': 'Sat, 14 Mar 2015 10:13:17 GMT',
28 silly registry.get     'cache-control': 'max-age=60',
28 silly registry.get     etag: '"7MXJDKF0AOWNR4X5BDJWZ3FQ6"',
28 silly registry.get     age: '16',
28 silly registry.get     'x-served-by': 'cache-sjc3128-SJC',
28 silly registry.get     'x-cache': 'HIT',
28 silly registry.get     'x-cache-hits': '1',
28 silly registry.get     'x-timer': 'S1426327997.682852,VS0,VE0',
28 silly registry.get     vary: 'Accept',
28 silly registry.get     'content-length': '0',
28 silly registry.get     'keep-alive': 'timeout=10, max=50',
28 silly registry.get     connection: 'Keep-Alive' } ]
29 verbose etag https://registry.npmjs.org/grunt from cache
30 silly addNameRange number 2 { name: 'grunt', range: '*', hasData: true }
31 silly addNameRange versions [ 'grunt',
31 silly addNameRange   [ '0.1.0',
31 silly addNameRange     '0.1.1',
31 silly addNameRange     '0.1.2',
31 silly addNameRange     '0.2.0',
31 silly addNameRange     '0.2.1',
31 silly addNameRange     '0.2.2',
31 silly addNameRange     '0.2.3',
31 silly addNameRange     '0.2.4',
31 silly addNameRange     '0.2.5',
31 silly addNameRange     '0.2.6',
31 silly addNameRange     '0.2.7',
31 silly addNameRange     '0.2.8',
31 silly addNameRange     '0.2.9',
31 silly addNameRange     '0.2.10',
31 silly addNameRange     '0.2.11',
31 silly addNameRange     '0.2.12',
31 silly addNameRange     '0.2.13',
31 silly addNameRange     '0.2.14',
31 silly addNameRange     '0.2.15',
31 silly addNameRange     '0.3.0',
31 silly addNameRange     '0.3.1',
31 silly addNameRange     '0.3.2',
31 silly addNameRange     '0.3.3',
31 silly addNameRange     '0.3.4',
31 silly addNameRange     '0.3.5',
31 silly addNameRange     '0.3.6',
31 silly addNameRange     '0.3.7',
31 silly addNameRange     '0.3.8',
31 silly addNameRange     '0.3.9',
31 silly addNameRange     '0.3.10',
31 silly addNameRange     '0.3.11',
31 silly addNameRange     '0.3.12',
31 silly addNameRange     '0.3.13',
31 silly addNameRange     '0.3.14',
31 silly addNameRange     '0.3.15',
31 silly addNameRange     '0.3.16',
31 silly addNameRange     '0.3.17',
31 silly addNameRange     '0.4.0',
31 silly addNameRange     '0.4.1',
31 silly addNameRange     '0.4.2',
31 silly addNameRange     '0.4.3',
31 silly addNameRange     '0.4.4',
31 silly addNameRange     '0.4.5',
31 silly addNameRange     '0.3.13-a',
31 silly addNameRange     '0.4.0-a',
31 silly addNameRange     '0.4.0-rc1',
31 silly addNameRange     '0.4.0-rc2',
31 silly addNameRange     '0.4.0-rc3',
31 silly addNameRange     '0.4.0-rc4',
31 silly addNameRange     '0.4.0-rc5',
31 silly addNameRange     '0.4.0-rc6',
31 silly addNameRange     '0.4.0-rc7',
31 silly addNameRange     '0.4.0-rc8' ] ]
32 verbose addNamed [ 'grunt', '0.4.5' ]
33 verbose addNamed [ '0.4.5', '0.4.5' ]
34 silly lockFile 81abf7ad-grunt-0-4-5 grunt@0.4.5
35 verbose lock grunt@0.4.5 /home/ubuntu/.npm/81abf7ad-grunt-0-4-5.lock
36 silly lockFile 81abf7ad-grunt-0-4-5 grunt@0.4.5
37 silly lockFile 81abf7ad-grunt-0-4-5 grunt@0.4.5
38 silly lockFile 55f1ff24-grunt grunt@
39 silly lockFile 55f1ff24-grunt grunt@
40 silly resolved [ { name: 'grunt',
40 silly resolved     description: 'The JavaScript Task Runner',
40 silly resolved     version: '0.4.5',
40 silly resolved     author: { name: '"Cowboy" Ben Alman', url: 'http://benalman.com/' },
40 silly resolved     homepage: 'http://gruntjs.com/',
40 silly resolved     repository: { type: 'git', url: 'git://github.com/gruntjs/grunt.git' },
40 silly resolved     bugs: { url: 'http://github.com/gruntjs/grunt/issues' },
40 silly resolved     licenses: [ [Object] ],
40 silly resolved     main: 'lib/grunt',
40 silly resolved     scripts: { test: 'grunt test' },
40 silly resolved     engines: { node: '>= 0.8.0' },
40 silly resolved     keywords:
40 silly resolved      [ 'task',
40 silly resolved        'async',
40 silly resolved        'cli',
40 silly resolved        'minify',
40 silly resolved        'uglify',
40 silly resolved        'build',
40 silly resolved        'lodash',
40 silly resolved        'unit',
40 silly resolved        'test',
40 silly resolved        'qunit',
40 silly resolved        'nodeunit',
40 silly resolved        'server',
40 silly resolved        'init',
40 silly resolved        'scaffold',
40 silly resolved        'make',
40 silly resolved        'jake',
40 silly resolved        'tool' ],
40 silly resolved     dependencies:
40 silly resolved      { async: '~0.1.22',
40 silly resolved        'coffee-script': '~1.3.3',
40 silly resolved        colors: '~0.6.2',
40 silly resolved        dateformat: '1.0.2-1.2.3',
40 silly resolved        eventemitter2: '~0.4.13',
40 silly resolved        'findup-sync': '~0.1.2',
40 silly resolved        glob: '~3.1.21',
40 silly resolved        hooker: '~0.2.3',
40 silly resolved        'iconv-lite': '~0.2.11',
40 silly resolved        minimatch: '~0.2.12',
40 silly resolved        nopt: '~1.0.10',
40 silly resolved        rimraf: '~2.2.8',
40 silly resolved        lodash: '~0.9.2',
40 silly resolved        'underscore.string': '~2.2.1',
40 silly resolved        which: '~1.0.5',
40 silly resolved        'js-yaml': '~2.0.5',
40 silly resolved        exit: '~0.1.1',
40 silly resolved        getobject: '~0.1.0',
40 silly resolved        'grunt-legacy-util': '~0.2.0',
40 silly resolved        'grunt-legacy-log': '~0.1.0' },
40 silly resolved     devDependencies:
40 silly resolved      { temporary: '~0.0.4',
40 silly resolved        'grunt-contrib-jshint': '~0.6.4',
40 silly resolved        'grunt-contrib-nodeunit': '~0.2.0',
40 silly resolved        'grunt-contrib-watch': '~0.5.3',
40 silly resolved        difflet: '~0.2.3',
40 silly resolved        semver: '2.1.0',
40 silly resolved        shelljs: '~0.2.5' },
40 silly resolved     _id: 'grunt@0.4.5',
40 silly resolved     dist:
40 silly resolved      { shasum: '56937cd5194324adff6d207631832a9d6ba4e7f0',
40 silly resolved        tarball: 'http://registry.npmjs.org/grunt/-/grunt-0.4.5.tgz' },
40 silly resolved     _from: 'grunt@',
40 silly resolved     _npmVersion: '1.4.4',
40 silly resolved     _npmUser: { name: 'cowboy', email: 'cowboy@rj3.net' },
40 silly resolved     maintainers: [ [Object], [Object] ],
40 silly resolved     directories: {},
40 silly resolved     _shasum: '56937cd5194324adff6d207631832a9d6ba4e7f0',
40 silly resolved     _resolved: 'https://registry.npmjs.org/grunt/-/grunt-0.4.5.tgz',
40 silly resolved     readme: 'ERROR: No README data found!' } ]
41 info install grunt@0.4.5 into /usr/lib
42 info installOne grunt@0.4.5
43 verbose lib/node_modules/grunt unbuild
44 verbose tar unpack /home/ubuntu/.npm/grunt/0.4.5/package.tgz
45 silly lockFile 8cad6651-tar-usr-lib-node-modules-grunt tar:///usr/lib/node_modules/grunt
46 verbose lock tar:///usr/lib/node_modules/grunt /home/ubuntu/.npm/8cad6651-tar-usr-lib-node-modules-grunt.lock
47 silly lockFile c31d0c3a-untu-npm-grunt-0-4-5-package-tgz tar:///home/ubuntu/.npm/grunt/0.4.5/package.tgz
48 verbose lock tar:///home/ubuntu/.npm/grunt/0.4.5/package.tgz /home/ubuntu/.npm/c31d0c3a-untu-npm-grunt-0-4-5-package-tgz.lock
49 silly gunzTarPerm modes [ '775', '664' ]
50 error Error: EACCES, mkdir '/usr/lib/node_modules/grunt'
50 error  { [Error: EACCES, mkdir '/usr/lib/node_modules/grunt']
50 error   errno: 3,
50 error   code: 'EACCES',
50 error   path: '/usr/lib/node_modules/grunt',
50 error   fstream_type: 'Directory',
50 error   fstream_path: '/usr/lib/node_modules/grunt',
50 error   fstream_class: 'DirWriter',
50 error   fstream_stack:
50 error    [ '/usr/lib/node_modules/npm/node_modules/fstream/lib/dir-writer.js:36:23',
50 error      '/usr/lib/node_modules/npm/node_modules/mkdirp/index.js:46:53',
50 error      'Object.oncomplete (fs.js:107:15)' ] }
51 error Please try running this command again as root/Administrator.
52 error System Linux 3.13.0-46-generic
53 error command "/usr/bin/node" "/usr/bin/npm" "install" "-g" "grunt"
54 error cwd /home/ubuntu/tkay
55 error node -v v0.10.33
56 error npm -v 1.4.28
57 error path /usr/lib/node_modules/grunt
58 error fstream_path /usr/lib/node_modules/grunt
59 error fstream_type Directory
60 error fstream_class DirWriter
61 error code EACCES
62 error errno 3
63 error stack Error: EACCES, mkdir '/usr/lib/node_modules/grunt'
64 error fstream_stack /usr/lib/node_modules/npm/node_modules/fstream/lib/dir-writer.js:36:23
64 error fstream_stack /usr/lib/node_modules/npm/node_modules/mkdirp/index.js:46:53
64 error fstream_stack Object.oncomplete (fs.js:107:15)
65 verbose exit [ 3, true ]
